Server running on port 3001
instances.json file exists
Found 7 saved instances to load
Loading instance 1752416845202 (sky_yuo)
Saved 7 instances to disk
Saved instance 1752416845202 to persistence
✓ Successfully loaded and started instance 1752416845202 (sky_yuo)
Loading instance 1752416993022 (artoriapendragonlancer111)
Saved 7 instances to disk
Saved instance 1752416993022 to persistence
Saved 7 instances to disk
Saved instance 1752416845202 to persistence
Saved 7 instances to disk
Saved instance 1752416845202 to persistence
✓ Successfully loaded and started instance 1752416993022 (artoriapendragonlancer111)
Saved 7 instances to disk
Saved instance 1752416845202 to persistence
Loading instance 1752416982891 (lenamymom)
Saved 7 instances to disk
Saved instance 1752416982891 to persistence
Saved 7 instances to disk
Saved instance 1752416845202 to persistence
Saved 7 instances to disk
Saved instance 1752416845202 to persistence
Saved 7 instances to disk
Saved instance 1752416845202 to persistence
✓ Successfully loaded and started instance 1752416982891 (lenamymom)
Saved 7 instances to disk
Saved instance 1752416845202 to persistence
Loading instance 1752416891300 (zpnx)
Saved 7 instances to disk
Saved instance 1752416891300 to persistence
Saved 7 instances to disk
Saved instance 1752416845202 to persistence
Saved 7 instances to disk
Saved instance 1752416982891 to persistence
Saved 7 instances to disk
Saved instance 1752416845202 to persistence
Saved 7 instances to disk
Saved instance 1752416982891 to persistence
Saved 7 instances to disk
Saved instance 1752416845202 to persistence
✓ Successfully loaded and started instance 1752416891300 (zpnx)
Saved 7 instances to disk
Saved instance 1752416982891 to persistence
Saved 7 instances to disk
Saved instance 1752416845202 to persistence
Loading instance 1752416915712 (zqnqx)
Saved 7 instances to disk
Saved instance 1752416915712 to persistence
Saved 7 instances to disk
Saved instance 1752416845202 to persistence
Saved 7 instances to disk
Saved instance 1752416891300 to persistence
Saved 7 instances to disk
Saved instance 1752416891300 to persistence
Saved 7 instances to disk
Saved instance 1752416891300 to persistence
✓ Successfully loaded and started instance 1752416915712 (zqnqx)
Loading instance 1752416946322 (bronzeidiot)
Saved 7 instances to disk
Saved instance 1752416946322 to persistence
Saved 7 instances to disk
Saved instance 1752416891300 to persistence
Saved 7 instances to disk
Saved instance 1752416891300 to persistence
Saved 7 instances to disk
Saved instance 1752416915712 to persistence
Saved 7 instances to disk
Saved instance 1752416891300 to persistence
Saved 7 instances to disk
Saved instance 1752416915712 to persistence
✓ Successfully loaded and started instance 1752416946322 (bronzeidiot)
Loading instance 1752416965761 (mudaepro)
Saved 7 instances to disk
Saved instance 1752416965761 to persistence
Saved 7 instances to disk
Saved instance 1752416946322 to persistence
Saved 7 instances to disk
Saved instance 1752416946322 to persistence
Saved 7 instances to disk
Saved instance 1752416946322 to persistence
✓ Successfully loaded and started instance 1752416965761 (mudaepro)
Instance loading complete: 7 successful, 0 failed
Currently running 7 bot instances
Saved 7 instances to disk
Saved instance 1752416965761 to persistence
Saved 7 instances to disk
Saved instance 1752416965761 to persistence
Saved 7 instances to disk
Saved instance 1752416965761 to persistence
